<?xml version="1.0" encoding="UTF-8" ?>
<testsuite failures="2" time="56.542" errors="0" skipped="0" tests="14" name="com.erol.twitter.RunnerTest">
  <properties>
    <property name="java.runtime.name" value="Java(TM) SE Runtime Environment"/>
    <property name="sun.boot.library.path" value="C:\Program Files\Java\jdk1.7.0_21\jre\bin"/>
    <property name="java.vm.version" value="23.21-b01"/>
    <property name="user.country.format" value="TR"/>
    <property name="java.vm.vendor" value="Oracle Corporation"/>
    <property name="java.vendor.url" value="http://java.oracle.com/"/>
    <property name="path.separator" value=";"/>
    <property name="guice.disable.misplaced.annotation.check" value="true"/>
    <property name="java.vm.name" value="Java HotSpot(TM) 64-Bit Server VM"/>
    <property name="file.encoding.pkg" value="sun.io"/>
    <property name="user.script" value=""/>
    <property name="user.country" value="US"/>
    <property name="sun.java.launcher" value="SUN_STANDARD"/>
    <property name="sun.os.patch.level" value=""/>
    <property name="java.vm.specification.name" value="Java Virtual Machine Specification"/>
    <property name="user.dir" value="C:\Users\erol\workspace\TwitterAutomationCucumber"/>
    <property name="java.runtime.version" value="1.7.0_21-b11"/>
    <property name="java.awt.graphicsenv" value="sun.awt.Win32GraphicsEnvironment"/>
    <property name="java.endorsed.dirs" value="C:\Program Files\Java\jdk1.7.0_21\jre\lib\endorsed"/>
    <property name="os.arch" value="amd64"/>
    <property name="java.io.tmpdir" value="C:\Users\erol\AppData\Local\Temp\"/>
    <property name="line.separator" value="
"/>
    <property name="java.vm.specification.vendor" value="Oracle Corporation"/>
    <property name="user.variant" value=""/>
    <property name="os.name" value="Windows 8"/>
    <property name="classworlds.conf" value="C:\Program Files\Apache Software Foundation\apache-maven-3.0.5\bin\m2.conf"/>
    <property name="sun.jnu.encoding" value="Cp1254"/>
    <property name="java.library.path" value="C:\Program Files\Java\jdk1.7.0_21\bin;C:\WINDOWS\Sun\Java\bin;C:\WINDOWS\system32;C:\WINDOWS;C:\Program Files (x86)\NVIDIA Corporation\PhysX\Common;C:\Program Files (x86)\Intel\iCLS Client\;C:\Program Files\Intel\iCLS Client\;C:\WINDOWS\system32;C:\WINDOWS;C:\WINDOWS\System32\Wbem;C:\WINDOWS\System32\WindowsPowerShell\v1.0\;C:\Program Files (x86)\Windows Live\Shared;C:\Program Files\Intel\Intel(R) Management Engine Components\DAL;C:\Program Files\Intel\Intel(R) Management Engine Components\IPT;C:\Program Files (x86)\Intel\Intel(R) Management Engine Components\DAL;C:\Program Files (x86)\Intel\Intel(R) Management Engine Components\IPT;C:\Program Files (x86)\Intel\OpenCL SDK\2.0\bin\x86;C:\Program Files (x86)\Intel\OpenCL SDK\2.0\bin\x64;C:\Program Files\Intel\WiFi\bin\;C:\Program Files\Common Files\Intel\WirelessCommon\;C:\Program Files\Java\jdk1.7.0_21\bin;C:\mongodb\bin;C:\Users\erol\Tools\phantomjs-1.9.2-windows;C:\Python27;C:\Python27\Scripts;C:\Ruby193\bin;C:\Users\erol\Tools\adt-bundle-windows-x86_64-20130514\sdk\platform-tools;C:\Program Files\Apache Software Foundation\apache-maven-3.0.5\bin;C:\Users\erol\Tools\adt-bundle-windows-x86_64-20130514\tools;C:\Users\erol\Tools\adt-bundle-windows-x86_64-20130514\platform-tools;."/>
    <property name="java.specification.name" value="Java Platform API Specification"/>
    <property name="java.class.version" value="51.0"/>
    <property name="sun.management.compiler" value="HotSpot 64-Bit Tiered Compilers"/>
    <property name="os.version" value="6.2"/>
    <property name="user.home" value="C:\Users\erol"/>
    <property name="user.timezone" value="Asia/Istanbul"/>
    <property name="java.awt.printerjob" value="sun.awt.windows.WPrinterJob"/>
    <property name="java.specification.version" value="1.7"/>
    <property name="file.encoding" value="Cp1254"/>
    <property name="user.name" value="erol"/>
    <property name="java.class.path" value="C:\Program Files\Apache Software Foundation\apache-maven-3.0.5\boot\plexus-classworlds-2.4.jar"/>
    <property name="java.vm.specification.version" value="1.7"/>
    <property name="sun.arch.data.model" value="64"/>
    <property name="java.home" value="C:\Program Files\Java\jdk1.7.0_21\jre"/>
    <property name="sun.java.command" value="org.codehaus.plexus.classworlds.launcher.Launcher -U clean install"/>
    <property name="java.specification.vendor" value="Oracle Corporation"/>
    <property name="user.language" value="en"/>
    <property name="user.language.format" value="tr"/>
    <property name="awt.toolkit" value="sun.awt.windows.WToolkit"/>
    <property name="java.vm.info" value="mixed mode"/>
    <property name="java.version" value="1.7.0_21"/>
    <property name="java.ext.dirs" value="C:\Program Files\Java\jdk1.7.0_21\jre\lib\ext;C:\WINDOWS\Sun\Java\lib\ext"/>
    <property name="sun.boot.class.path" value="C:\Program Files\Java\jdk1.7.0_21\jre\lib\resources.jar;C:\Program Files\Java\jdk1.7.0_21\jre\lib\rt.jar;C:\Program Files\Java\jdk1.7.0_21\jre\lib\sunrsasign.jar;C:\Program Files\Java\jdk1.7.0_21\jre\lib\jsse.jar;C:\Program Files\Java\jdk1.7.0_21\jre\lib\jce.jar;C:\Program Files\Java\jdk1.7.0_21\jre\lib\charsets.jar;C:\Program Files\Java\jdk1.7.0_21\jre\lib\jfr.jar;C:\Program Files\Java\jdk1.7.0_21\jre\classes"/>
    <property name="java.vendor" value="Oracle Corporation"/>
    <property name="maven.home" value="C:\Program Files\Apache Software Foundation\apache-maven-3.0.5"/>
    <property name="file.separator" value="\"/>
    <property name="java.vendor.url.bug" value="http://bugreport.sun.com/bugreport/"/>
    <property name="sun.cpu.endian" value="little"/>
    <property name="sun.io.unicode.encoding" value="UnicodeLittle"/>
    <property name="sun.desktop" value="windows"/>
    <property name="sun.cpu.isalist" value="amd64"/>
  </properties>
  <testcase time="0.001" classname="Scenario: Login twitter with valid credentials" name="Given I navigate to twitter"/>
  <testcase time="0" classname="Scenario: Login twitter with valid credentials" name="When I try to login with valid credentials"/>
  <testcase time="0" classname="Scenario: Login twitter with valid credentials" name="Then I should see that I logged in successfully"/>
  <testcase time="0.208" classname="Scenario: Login twitter with valid credentials" name="Scenario: Login twitter with valid credentials"/>
  <testcase time="0" classname="Scenario: Searching given username" name="Given I navigate to twitter"/>
  <testcase time="0" classname="Scenario: Searching given username" name="When I try to login with valid credentials"/>
  <testcase time="0" classname="Scenario: Searching given username" name="When I search \&quot;erolstt\&quot;"/>
  <testcase time="0.003" classname="Scenario: Searching given username" name="Then I should see \&quot;serhat\&quot; in the search result">
    <failure message="expected:&lt;@[serha]t&gt; but was:&lt;@[erolst]t&gt;" type="org.junit.ComparisonFailure">org.junit.ComparisonFailure: expected:&lt;@[serha]t&gt; but was:&lt;@[erolst]t&gt;
	at org.junit.Assert.assertEquals(Assert.java:115)
	at org.junit.Assert.assertEquals(Assert.java:144)
	at com.erol.twitter.StepsForLogin.verifySearchedUser(StepsForLogin.java:61)
	at ✽.Then I should see &quot;serhat&quot; in the search result(loginFeature.feature:12)
</failure>
  </testcase>
  <testcase time="0.003" classname="Scenario: Searching given username" name="Scenario: Searching given username">
    <failure message="expected:&lt;@[serha]t&gt; but was:&lt;@[erolst]t&gt;" type="org.junit.ComparisonFailure">org.junit.ComparisonFailure: expected:&lt;@[serha]t&gt; but was:&lt;@[erolst]t&gt;
	at org.junit.Assert.assertEquals(Assert.java:115)
	at org.junit.Assert.assertEquals(Assert.java:144)
	at com.erol.twitter.StepsForLogin.verifySearchedUser(StepsForLogin.java:61)
	at ✽.Then I should see &quot;serhat&quot; in the search result(loginFeature.feature:12)
</failure>
  </testcase>
  <testcase time="0" classname="Scenario: Sending tweet" name="Given I navigate to twitter"/>
  <testcase time="0" classname="Scenario: Sending tweet" name="When I try to login with valid credentials"/>
  <testcase time="0" classname="Scenario: Sending tweet" name="And I tweet \&quot;Some tweets\&quot;"/>
  <testcase time="0" classname="Scenario: Sending tweet" name="Then I should see \&quot;Some tweets\&quot; on my stream"/>
  <testcase time="0.235" classname="Scenario: Sending tweet" name="Scenario: Sending tweet"/>
</testsuite>