<?xml version="1.0" encoding="UTF-8" ?>
<testsuite failures="2" time="56.542" errors="0" skipped="0" tests="14" name="com.erol.twitter.RunnerTest">
  <properties>
[...]
</properties>
  <testcase time="0.001" classname="Scenario: Login twitter with valid credentials" name="Given I navigate to twitter"/>
  <testcase time="0" classname="Scenario: Login twitter with valid credentials" name="When I try to login with valid credentials"/>
  <testcase time="0" classname="Scenario: Login twitter with valid credentials" name="Then I should see that I logged in successfully"/>
  <testcase time="0.208" classname="Scenario: Login twitter with valid credentials" name="Scenario: Login twitter with valid credentials"/>
  <testcase time="0" classname="Scenario: Searching given username" name="Given I navigate to twitter"/>
  <testcase time="0" classname="Scenario: Searching given username" name="When I try to login with valid credentials"/>
  <testcase time="0" classname="Scenario: Searching given username" name="When I search \&quot;erolstt\&quot;"/>
  <testcase time="0.003" classname="Scenario: Searching given username" name="Then I should see \&quot;serhat\&quot; in the search result">
    <failure message="expected:&lt;@[serha]t&gt; but was:&lt;@[erolst]t&gt;" type="org.junit.ComparisonFailure">org.junit.ComparisonFailure: expected:&lt;@[serha]t&gt; but was:&lt;@[erolst]t&gt;
	at org.junit.Assert.assertEquals(Assert.java:115)
	at org.junit.Assert.assertEquals(Assert.java:144)
	at com.erol.twitter.StepsForLogin.verifySearchedUser(StepsForLogin.java:61)
	at ✽.Then I should see &quot;serhat&quot; in the search result(loginFeature.feature:12)
</failure>
  </testcase>
  <testcase time="0.003" classname="Scenario: Searching given username" name="Scenario: Searching given username">
    <failure message="expected:&lt;@[serha]t&gt; but was:&lt;@[erolst]t&gt;" type="org.junit.ComparisonFailure">org.junit.ComparisonFailure: expected:&lt;@[serha]t&gt; but was:&lt;@[erolst]t&gt;
	at org.junit.Assert.assertEquals(Assert.java:115)
	at org.junit.Assert.assertEquals(Assert.java:144)
	at com.erol.twitter.StepsForLogin.verifySearchedUser(StepsForLogin.java:61)
	at ✽.Then I should see &quot;serhat&quot; in the search result(loginFeature.feature:12)
</failure>
  </testcase>
  <testcase time="0" classname="Scenario: Sending tweet" name="Given I navigate to twitter"/>
  <testcase time="0" classname="Scenario: Sending tweet" name="When I try to login with valid credentials"/>
  <testcase time="0" classname="Scenario: Sending tweet" name="And I tweet \&quot;Some tweets\&quot;"/>
  <testcase time="0" classname="Scenario: Sending tweet" name="Then I should see \&quot;Some tweets\&quot; on my stream"/>
  <testcase time="0.235" classname="Scenario: Sending tweet" name="Scenario: Sending tweet"/>
</testsuite>